#
# A fatal error has been detected by the Java Runtime Environment:
#
#  SIGSEGV (0xb) at pc=0x00007fffdd5a6b5d, pid=16131, tid=0x000000000000210b
#
# JRE version: Java(TM) SE Runtime Environment (8.0_111-b14) (build 1.8.0_111-b14)
# Java VM: Java HotSpot(TM) 64-Bit Server VM (25.111-b14 mixed mode bsd-amd64 compressed oops)
# Problematic frame:
# C  [libobjc.A.dylib+0x6b5d]  objc_msgSend+0x1d
#
# Failed to write core dump. Core dumps have been disabled. To enable core dumping, try "ulimit -c unlimited" before starting Java again
#
# If you would like to submit a bug report, please visit:
#   http://bugreport.java.com/bugreport/crash.jsp
# The crash happened outside the Java Virtual Machine in native code.
# See problematic frame for where to report the bug.
#

---------------  T H R E A D  ---------------

Current thread (0x00007fd6160d8000):  JavaThread "AppKit Thread" daemon [_thread_in_native, id=8459, stack(0x00007fff503c9000,0x00007fff50bc9000)]

siginfo: si_signo: 11 (SIGSEGV), si_code: 1 (SEGV_MAPERR), si_addr: 0x0000000000000018

Registers:
RAX=0x0000000000000002, RBX=0x00007fd61d353fc0, RCX=0x0000000000000000, RDX=0x00000000000fafe0
RSP=0x00007fff50bc38f8, RBP=0x00007fff50bc3920, RSI=0x00007fffc768b656, RDI=0x00007fd61d353fc0
R8 =0x0000000000000001, R9 =0x00007fd61b100bb0, R10=0x0000000000000000, R11=0x00007fffc768b656
R12=0x00007fd61d22a870, R13=0x00007fffc7670787, R14=0x00007fd615467fa0, R15=0x0000000000000000
RIP=0x00007fffdd5a6b5d, EFLAGS=0x0000000000010246, ERR=0x0000000000000004
  TRAPNO=0x000000000000000e

Top of Stack: (sp=0x00007fff50bc38f8)
0x00007fff50bc38f8:   00000001b4ea9f4e 00007fd61d22a870
0x00007fff50bc3908:   00000001b4eddcb8 00007fd615467fa0
0x00007fff50bc3918:   0000000000000094 00007fff50bc3e90
0x00007fff50bc3928:   00007fffc6c49e1a 0000000000000000
0x00007fff50bc3938:   0000000000000000 4096800000000000
0x00007fff50bc3948:   4089e80000000000 0000000000000000
0x00007fff50bc3958:   0000000000000000 4096800000000000
0x00007fff50bc3968:   4089e80000000000 00007fff50bc3990
0x00007fff50bc3978:   00007fffc95ee5f8 0000000000000800
0x00007fff50bc3988:   ffff8029eab292a0 00007fd6154d6d60
0x00007fff50bc3998:   00007fffe6ae2480 00007fff50bc3a00
0x00007fff50bc39a8:   00007fffdd5aed13 00007fffe6ae2c80
0x00007fff50bc39b8:   00000001c7630f00 00007fd6154d6d60
0x00007fff50bc39c8:   ffff8029eab292a0 00007fd616a74fc0
0x00007fff50bc39d8:   00007fd61d248700 00007fffc7630f00
0x00007fff50bc39e8:   00007fd61d22a870 00007fffdd5a6b40
0x00007fff50bc39f8:   00007fff50bc3a60 00007fff50bc3a50
0x00007fff50bc3a08:   00007fffc72af81f 401c000000000000
0x00007fff50bc3a18:   408a080000000000 402c000000000000
0x00007fff50bc3a28:   0000000000000000 00007fff00000000
0x00007fff50bc3a38:   0000000000000000 00007fffc7644010
0x00007fff50bc3a48:   00007fd61d248700 0000000150bc3aa0
0x00007fff50bc3a58:   00007fd61d248700 0000000000000088
0x00007fff50bc3a68:   00007fd61572ad90 012c000000000000
0x00007fff50bc3a78:   00007fd61d22a870 00007fff50bc3aa0
0x00007fff50bc3a88:   00007fd61d248700 00007fff50bc3b70
0x00007fff50bc3a98:   00007fd61d248700 00007fff50bc3ae0
0x00007fff50bc3aa8:   00007fffc6d02572 401c000000000000
0x00007fff50bc3ab8:   408a000000000000 402c000000000000
0x00007fff50bc3ac8:   4030000000000000 00007fff50bc3b70
0x00007fff50bc3ad8:   00007fd61d248700 00007fff50bc3b60
0x00007fff50bc3ae8:   00007fffc6d02514 401c000000000000 

Instructions: (pc=0x00007fffdd5a6b5d)
0x00007fffdd5a6b3d:   0f 1f 00 48 85 ff 2e 74 62 40 f6 c7 01 2e 75 66
0x00007fffdd5a6b4d:   49 ba f8 ff ff ff ff 7f 00 00 4c 23 17 49 89 f3
0x00007fffdd5a6b5d:   45 23 5a 18 49 c1 e3 04 4d 03 5a 10 49 3b 33 75
0x00007fffdd5a6b6d:   04 41 ff 63 08 49 83 3b 01 76 0d 49 83 c3 10 49 

Register to memory mapping:

RAX=0x0000000000000002 is an unknown value
RBX=0x00007fd61d353fc0 is an unknown value
RCX=0x0000000000000000 is an unknown value
RDX=0x00000000000fafe0 is an unknown value
RSP=0x00007fff50bc38f8 is pointing into the stack for thread: 0x00007fd6160d8000
RBP=0x00007fff50bc3920 is pointing into the stack for thread: 0x00007fd6160d8000
RSI=0x00007fffc768b656: __NSStyleNameIndexTable+0xcd969 in /System/Library/Frameworks/AppKit.framework/Versions/C/AppKit at 0x00007fffc6aad000
RDI=0x00007fd61d353fc0 is an unknown value
R8 =0x0000000000000001 is an unknown value
R9 =0x00007fd61b100bb0 is an unknown value
R10=0x0000000000000000 is an unknown value
R11=0x00007fffc768b656: __NSStyleNameIndexTable+0xcd969 in /System/Library/Frameworks/AppKit.framework/Versions/C/AppKit at 0x00007fffc6aad000
R12=0x00007fd61d22a870 is an unknown value
R13=0x00007fffc7670787: __NSStyleNameIndexTable+0xb2a9a in /System/Library/Frameworks/AppKit.framework/Versions/C/AppKit at 0x00007fffc6aad000
R14=0x00007fd615467fa0 is an unknown value
R15=0x0000000000000000 is an unknown value


Stack: [0x00007fff503c9000,0x00007fff50bc9000],  sp=0x00007fff50bc38f8,  free space=8170k
Native frames: (J=compiled Java code, j=interpreted, Vv=VM code, C=native code)
C  [libobjc.A.dylib+0x6b5d]  objc_msgSend+0x1d
C  [AppKit+0x19ce1a]  -[NSView _recursiveDisplayRectIfNeededIgnoringOpacity:isVisibleRect:rectIsVisibleRectForView:topView:]+0x6ee
C  [AppKit+0x19d670]  -[NSView _recursiveDisplayRectIfNeededIgnoringOpacity:isVisibleRect:rectIsVisibleRectForView:topView:]+0xf44
C  [AppKit+0x19c24f]  -[NSThemeFrame _recursiveDisplayRectIfNeededIgnoringOpacity:isVisibleRect:rectIsVisibleRectForView:topView:]+0x14e
C  [AppKit+0x19a677]  -[NSView _displayRectIgnoringOpacity:isVisibleRect:rectIsVisibleRectForView:]+0x994
C  [AppKit+0x195f60]  -[NSView displayIfNeeded]+0x6d4
C  [AppKit+0x195873]  -[NSWindow displayIfNeeded]+0xe6
C  [AppKit+0x87ae32]  ___NSWindowGetDisplayCycleObserver_block_invoke.6208+0x115
C  [AppKit+0x195355]  __37+[NSDisplayCycle currentDisplayCycle]_block_invoke+0x1c6
C  [QuartzCore+0x11a4a]  _ZN2CA11Transaction19run_commit_handlersE18CATransactionPhase+0x2e
C  [QuartzCore+0x119270]  _ZN2CA7Context18commit_transactionEPNS_11TransactionE+0xa0
C  [QuartzCore+0x105e5]  _ZN2CA11Transaction6commitEv+0x1db
C  [AppKit+0x46b1cd]  __37+[NSDisplayCycle currentDisplayCycle]_block_invoke.31+0x143
C  [CoreFoundation+0xa6f67]  __CFRUNLOOP_IS_CALLING_OUT_TO_AN_OBSERVER_CALLBACK_FUNCTION__+0x17
C  [CoreFoundation+0xa6ed7]  __CFRunLoopDoObservers+0x187
C  [CoreFoundation+0x87b79]  __CFRunLoopRun+0x369
C  [CoreFoundation+0x875b4]  CFRunLoopRunSpecific+0x1a4
C  [HIToolbox+0x30f6c]  RunCurrentEventLoopInMode+0xf0
C  [HIToolbox+0x30ca9]  ReceiveNextEventCommon+0xb8
C  [HIToolbox+0x30bd6]  _BlockUntilNextEventMatchingListInModeWithFilter+0x47
C  [AppKit+0x475f5]  _DPSNextEvent+0x445
C  [AppKit+0x7578eb]  -[NSApplication(NSEvent) _nextEventMatchingEventMask:untilDate:inMode:dequeue:]+0x665
C  [libosxapp.dylib+0x23aa]  -[NSApplicationAWT nextEventMatchingMask:untilDate:inMode:dequeue:]+0x7c
C  [AppKit+0x3bfbd]  -[NSApplication run]+0x39e
C  [libosxapp.dylib+0x214d]  +[NSApplicationAWT runAWTLoopWithApp:]+0x9c
C  [libawt_lwawt.dylib+0x444b3]  -[AWTStarter starter:]+0x389
C  [Foundation+0x71f2a]  __NSThreadPerformPerform+0x146
C  [CoreFoundation+0xa7551]  __CFRUNLOOP_IS_CALLING_OUT_TO_A_SOURCE0_PERFORM_FUNCTION__+0x11
C  [CoreFoundation+0x886bd]  __CFRunLoopDoSources0+0x22d
C  [CoreFoundation+0x87bb6]  __CFRunLoopRun+0x3a6
C  [CoreFoundation+0x875b4]  CFRunLoopRunSpecific+0x1a4
C  [java+0x6465]  CreateExecutionEnvironment+0x367
C  [java+0x218c]  JLI_Launch+0x7a0
C  [java+0x84c2]  main+0x65
C  [java+0x19e4]  start+0x34
C  0x0000000000000005


---------------  P R O C E S S  ---------------

Java Threads: ( => current thread )
  0x00007fd616b6c800 JavaThread "TimerQueue" daemon [_thread_blocked, id=71315, stack(0x0000700007209000,0x0000700007309000)]
  0x00007fd6161b8000 JavaThread "DestroyJavaVM" [_thread_blocked, id=1295, stack(0x00007000056af000,0x00007000057af000)]
  0x00007fd6170fc800 JavaThread "Image Fetcher 0" daemon [_thread_blocked, id=68651, stack(0x0000700007106000,0x0000700007206000)]
  0x00007fd6170a6000 JavaThread "AWT-EventQueue-0" [_thread_in_native, id=63239, stack(0x0000700007003000,0x0000700007103000)]
  0x00007fd616a3b000 JavaThread "Java2D Disposer" daemon [_thread_blocked, id=60175, stack(0x0000700006e7d000,0x0000700006f7d000)]
  0x00007fd6169d2800 JavaThread "Java2D Queue Flusher" daemon [_thread_blocked, id=50735, stack(0x0000700006d7a000,0x0000700006e7a000)]
  0x00007fd615970800 JavaThread "AWT-Shutdown" [_thread_blocked, id=33055, stack(0x0000700006a6b000,0x0000700006b6b000)]
=>0x00007fd6160d8000 JavaThread "AppKit Thread" daemon [_thread_in_native, id=8459, stack(0x00007fff503c9000,0x00007fff50bc9000)]
  0x00007fd615871000 JavaThread "Service Thread" daemon [_thread_blocked, id=21251, stack(0x00007000067e2000,0x00007000068e2000)]
  0x00007fd616810000 JavaThread "C1 CompilerThread3" daemon [_thread_blocked, id=20739, stack(0x00007000066df000,0x00007000067df000)]
  0x00007fd616007800 JavaThread "C2 CompilerThread2" daemon [_thread_blocked, id=20227, stack(0x00007000065dc000,0x00007000066dc000)]
  0x00007fd61680f800 JavaThread "C2 CompilerThread1" daemon [_thread_blocked, id=19715, stack(0x00007000064d9000,0x00007000065d9000)]
  0x00007fd615870800 JavaThread "C2 CompilerThread0" daemon [_thread_blocked, id=19203, stack(0x00007000063d6000,0x00007000064d6000)]
  0x00007fd61586f800 JavaThread "Signal Dispatcher" daemon [_thread_blocked, id=18691, stack(0x00007000062d3000,0x00007000063d3000)]
  0x00007fd61603a000 JavaThread "Finalizer" daemon [_thread_blocked, id=14595, stack(0x00007000061d0000,0x00007000062d0000)]
  0x00007fd616037800 JavaThread "Reference Handler" daemon [_thread_blocked, id=14083, stack(0x00007000060cd000,0x00007000061cd000)]

Other Threads:
  0x00007fd616033000 VMThread [stack: 0x0000700005fca000,0x00007000060ca000] [id=13571]
  0x00007fd615842800 WatcherThread [stack: 0x00007000068e5000,0x00007000069e5000] [id=21763]

VM state:not at safepoint (normal execution)

VM Mutex/Monitor currently owned by a thread: None

Heap:
 PSYoungGen      total 76288K, used 17040K [0x000000076ab00000, 0x0000000770000000, 0x00000007c0000000)
  eden space 65536K, 26% used [0x000000076ab00000,0x000000076bba4240,0x000000076eb00000)
  from space 10752K, 0% used [0x000000076f580000,0x000000076f580000,0x0000000770000000)
  to   space 10752K, 0% used [0x000000076eb00000,0x000000076eb00000,0x000000076f580000)
 ParOldGen       total 175104K, used 0K [0x00000006c0000000, 0x00000006cab00000, 0x000000076ab00000)
  object space 175104K, 0% used [0x00000006c0000000,0x00000006c0000000,0x00000006cab00000)
 Metaspace       used 12729K, capacity 12897K, committed 13184K, reserved 1060864K
  class space    used 1507K, capacity 1580K, committed 1664K, reserved 1048576K

Card table byte_map: [0x0000000111561000,0x0000000111d62000] byte_map_base: 0x000000010df61000

Marking Bits: (ParMarkBitMap*) 0x0000000110aefd20
 Begin Bits: [0x0000000126996000, 0x000000012a996000)
 End Bits:   [0x000000012a996000, 0x000000012e996000)

Polling page: 0x000000010f0f7000

CodeCache: size=245760Kb used=3152Kb max_used=3163Kb free=242607Kb
 bounds [0x0000000117996000, 0x0000000117cb6000, 0x0000000126996000]
 total_blobs=1414 nmethods=827 adapters=501
 compilation: enabled

Compilation events (10 events):
Event: 4.444 Thread 0x00007fd616810000 nmethod 821 0x0000000117ca8c10 code [0x0000000117ca8d60, 0x0000000117ca8e90]
Event: 4.817 Thread 0x00007fd616810000  822       3       java.nio.HeapByteBuffer::putInt (20 bytes)
Event: 4.817 Thread 0x00007fd616810000 nmethod 822 0x0000000117ca8f50 code [0x0000000117ca90e0, 0x0000000117ca94a8]
Event: 4.817 Thread 0x00007fd616810000  823       3       java.nio.Bits::putInt (20 bytes)
Event: 4.817 Thread 0x00007fd616810000 nmethod 823 0x0000000117ca9610 code [0x0000000117ca9780, 0x0000000117ca9978]
Event: 4.884 Thread 0x00007fd616810000  824  s    3       org.lwjgl.opengl.EventQueue::copyEvents (77 bytes)
Event: 4.885 Thread 0x00007fd616810000 nmethod 824 0x0000000117ca9a50 code [0x0000000117ca9c20, 0x0000000117caa6f8]
Event: 5.075 Thread 0x00007fd615870800  825       4       java.nio.Buffer::position (43 bytes)
Event: 5.077 Thread 0x00007fd615870800 nmethod 825 0x0000000117cad690 code [0x0000000117cad7e0, 0x0000000117cad8b8]
Event: 5.340 Thread 0x00007fd616007800  827       4       java.nio.DirectByteBuffer::put (18 bytes)

GC Heap History (0 events):
No events

Deoptimization events (2 events):
Event: 2.214 Thread 0x00007fd6170a6000 Uncommon trap: reason=unstable_if action=reinterpret pc=0x0000000117b77980 method=java.lang.String.toLowerCase(Ljava/util/Locale;)Ljava/lang/String; @ 85
Event: 2.992 Thread 0x00007fd6170a6000 Uncommon trap: reason=class_check action=maybe_recompile pc=0x0000000117af635c method=java.lang.String.equals(Ljava/lang/Object;)Z @ 8

Internal exceptions (10 events):
Event: 0.112 Thread 0x00007fd616801800 Exception <a 'java/lang/NoSuchFieldError': method resolution failed> (0x000000076ac42fd0) thrown at [/Users/java_re/workspace/8-2-build-macosx-x86_64/jdk8u111/7883/hotspot/src/share/vm/prims/methodHandles.cpp, line 1146]
Event: 0.113 Thread 0x00007fd616801800 Exception <a 'java/lang/NoSuchFieldError': method resolution failed> (0x000000076ad982b8) thrown at [/Users/java_re/workspace/8-2-build-macosx-x86_64/jdk8u111/7883/hotspot/src/share/vm/prims/methodHandles.cpp, line 1146]
Event: 0.255 Thread 0x00007fd616801800 Exception <a 'java/io/FileNotFoundException'> (0x000000076ae16d08) thrown at [/Users/java_re/workspace/8-2-build-macosx-x86_64/jdk8u111/7883/hotspot/src/share/vm/prims/jni.cpp, line 709]
Event: 0.259 Thread 0x00007fd616801800 Exception <a 'java/security/PrivilegedActionException'> (0x000000076ae2dee8) thrown at [/Users/java_re/workspace/8-2-build-macosx-x86_64/jdk8u111/7883/hotspot/src/share/vm/prims/jvm.cpp, line 1386]
Event: 0.259 Thread 0x00007fd616801800 Exception <a 'java/security/PrivilegedActionException'> (0x000000076ae2e2e0) thrown at [/Users/java_re/workspace/8-2-build-macosx-x86_64/jdk8u111/7883/hotspot/src/share/vm/prims/jvm.cpp, line 1386]
Event: 0.259 Thread 0x00007fd616801800 Exception <a 'java/security/PrivilegedActionException'> (0x000000076ae317d0) thrown at [/Users/java_re/workspace/8-2-build-macosx-x86_64/jdk8u111/7883/hotspot/src/share/vm/prims/jvm.cpp, line 1386]
Event: 0.259 Thread 0x00007fd616801800 Exception <a 'java/security/PrivilegedActionException'> (0x000000076ae31bc8) thrown at [/Users/java_re/workspace/8-2-build-macosx-x86_64/jdk8u111/7883/hotspot/src/share/vm/prims/jvm.cpp, line 1386]
Event: 0.260 Thread 0x00007fd616801800 Exception <a 'java/io/FileNotFoundException'> (0x000000076ae33f38) thrown at [/Users/java_re/workspace/8-2-build-macosx-x86_64/jdk8u111/7883/hotspot/src/share/vm/prims/jni.cpp, line 709]
Event: 0.261 Thread 0x00007fd616801800 Exception <a 'java/io/FileNotFoundException'> (0x000000076ae34a98) thrown at [/Users/java_re/workspace/8-2-build-macosx-x86_64/jdk8u111/7883/hotspot/src/share/vm/prims/jni.cpp, line 709]
Event: 3.143 Thread 0x00007fd6170a6000 Exception <a 'java/lang/UnsatisfiedLinkError'> (0x000000076b82a620) thrown at [/Users/java_re/workspace/8-2-build-macosx-x86_64/jdk8u111/7883/hotspot/src/share/vm/prims/jvm.cpp, line 1390]

Events (10 events):
Event: 3.296 loading class org/lwjgl/opengl/Sync
Event: 3.296 loading class org/lwjgl/opengl/Sync done
Event: 3.296 loading class org/lwjgl/opengl/Sync$RunningAvg
Event: 3.296 loading class org/lwjgl/opengl/Sync$RunningAvg done
Event: 4.055 Thread 0x00007fd6170a6000 DEOPT PACKING pc=0x0000000117ca1593 sp=0x0000700007100320
Event: 4.055 Thread 0x00007fd6170a6000 DEOPT UNPACKING pc=0x00000001179dd633 sp=0x0000700007100150 mode 0
Event: 4.091 Executing VM operation: EnableBiasedLocking
Event: 4.091 Executing VM operation: EnableBiasedLocking done
Event: 5.338 loading class org/lwjgl/opengl/CallbackUtil
Event: 5.338 loading class org/lwjgl/opengl/CallbackUtil done


Dynamic libraries:
0x0000000053c60000 	/System/Library/Frameworks/Cocoa.framework/Versions/A/Cocoa
0x0000000053c60000 	/System/Library/Frameworks/Security.framework/Versions/A/Security
0x0000000053c60000 	/System/Library/Frameworks/ApplicationServices.framework/Versions/A/ApplicationServices
0x0000000053c60000 	/usr/lib/libz.1.dylib
0x0000000053c60000 	/usr/lib/libSystem.B.dylib
0x0000000053c60000 	/usr/lib/libobjc.A.dylib
0x0000000053c60000 	/System/Library/Frameworks/CoreFoundation.framework/Versions/A/CoreFoundation
0x0000000053c60000 	/System/Library/Frameworks/Foundation.framework/Versions/C/Foundation
0x0000000053c60000 	/System/Library/Frameworks/AppKit.framework/Versions/C/AppKit
0x0000000053c60000 	/System/Library/Frameworks/CoreData.framework/Versions/A/CoreData
0x0000000053c60000 	/System/Library/PrivateFrameworks/RemoteViewServices.framework/Versions/A/RemoteViewServices
0x0000000053c60000 	/System/Library/PrivateFrameworks/UIFoundation.framework/Versions/A/UIFoundation
0x0000000053c60000 	/usr/lib/libenergytrace.dylib
0x0000000053c60000 	/System/Library/PrivateFrameworks/SkyLight.framework/Versions/A/SkyLight
0x0000000053c60000 	/System/Library/Frameworks/CoreGraphics.framework/Versions/A/CoreGraphics
0x0000000053c60000 	/usr/lib/libScreenReader.dylib
0x0000000053c60000 	/System/Library/Frameworks/Accelerate.framework/Versions/A/Accelerate
0x0000000053c60000 	/System/Library/Frameworks/IOSurface.framework/Versions/A/IOSurface
0x0000000053c60000 	/System/Library/Frameworks/AudioToolbox.framework/Versions/A/AudioToolbox
0x0000000053c60000 	/System/Library/Frameworks/AudioUnit.framework/Versions/A/AudioUnit
0x0000000053c60000 	/System/Library/PrivateFrameworks/DataDetectorsCore.framework/Versions/A/DataDetectorsCore
0x0000000053c60000 	/System/Library/PrivateFrameworks/DesktopServicesPriv.framework/Versions/A/DesktopServicesPriv
0x0000000053c60000 	/System/Library/Frameworks/Carbon.framework/Versions/A/Frameworks/HIToolbox.framework/Versions/A/HIToolbox
0x0000000053c60000 	/usr/lib/libicucore.A.dylib
0x0000000053c60000 	/System/Library/Frameworks/QuartzCore.framework/Versions/A/QuartzCore
0x0000000053c60000 	/System/Library/Frameworks/Carbon.framework/Versions/A/Frameworks/SpeechRecognition.framework/Versions/A/SpeechRecognition
0x0000000053c60000 	/usr/lib/libauto.dylib
0x0000000053c60000 	/usr/lib/libxml2.2.dylib
0x0000000053c60000 	/System/Library/PrivateFrameworks/CoreUI.framework/Versions/A/CoreUI
0x0000000053c60000 	/System/Library/Frameworks/CoreAudio.framework/Versions/A/CoreAudio
0x0000000053c60000 	/System/Library/Frameworks/DiskArbitration.framework/Versions/A/DiskArbitration
0x0000000053c60000 	/usr/lib/liblangid.dylib
0x0000000053c60000 	/System/Library/PrivateFrameworks/MultitouchSupport.framework/Versions/A/MultitouchSupport
0x0000000053c60000 	/System/Library/Frameworks/IOKit.framework/Versions/A/IOKit
0x0000000053c60000 	/usr/lib/libDiagnosticMessagesClient.dylib
0x0000000053c60000 	/System/Library/Frameworks/CoreServices.framework/Versions/A/CoreServices
0x0000000053c60000 	/System/Library/PrivateFrameworks/PerformanceAnalysis.framework/Versions/A/PerformanceAnalysis
0x0000000053c60000 	/System/Library/PrivateFrameworks/GenerationalStorage.framework/Versions/A/GenerationalStorage
0x0000000053c60000 	/System/Library/Frameworks/OpenGL.framework/Versions/A/OpenGL
0x0000000053c60000 	/System/Library/Frameworks/CoreImage.framework/Versions/A/CoreImage
0x0000000053c60000 	/System/Library/Frameworks/CoreText.framework/Versions/A/CoreText
0x0000000053c60000 	/System/Library/Frameworks/ImageIO.framework/Versions/A/ImageIO
0x0000000053c60000 	/System/Library/PrivateFrameworks/Backup.framework/Versions/A/Backup
0x0000000053c60000 	/usr/lib/libarchive.2.dylib
0x0000000053c60000 	/System/Library/Frameworks/CFNetwork.framework/Versions/A/CFNetwork
0x0000000053c60000 	/System/Library/Frameworks/SystemConfiguration.framework/Versions/A/SystemConfiguration
0x0000000053c60000 	/usr/lib/libCRFSuite.dylib
0x0000000053c60000 	/usr/lib/libc++.1.dylib
0x0000000053c60000 	/usr/lib/libc++abi.dylib
0x0000000053c60000 	/usr/lib/system/libcache.dylib
0x0000000053c60000 	/usr/lib/system/libcommonCrypto.dylib
0x0000000053c60000 	/usr/lib/system/libcompiler_rt.dylib
0x0000000053c60000 	/usr/lib/system/libcopyfile.dylib
0x0000000053c60000 	/usr/lib/system/libcorecrypto.dylib
0x0000000053c60000 	/usr/lib/system/libdispatch.dylib
0x0000000053c60000 	/usr/lib/system/libdyld.dylib
0x0000000053c60000 	/usr/lib/system/libkeymgr.dylib
0x0000000053c60000 	/usr/lib/system/liblaunch.dylib
0x0000000053c60000 	/usr/lib/system/libmacho.dylib
0x0000000053c60000 	/usr/lib/system/libquarantine.dylib
0x0000000053c60000 	/usr/lib/system/libremovefile.dylib
0x0000000053c60000 	/usr/lib/system/libsystem_asl.dylib
0x0000000053c60000 	/usr/lib/system/libsystem_blocks.dylib
0x0000000053c60000 	/usr/lib/system/libsystem_c.dylib
0x0000000053c60000 	/usr/lib/system/libsystem_configuration.dylib
0x0000000053c60000 	/usr/lib/system/libsystem_coreservices.dylib
0x0000000053c60000 	/usr/lib/system/libsystem_coretls.dylib
0x0000000053c60000 	/usr/lib/system/libsystem_dnssd.dylib
0x0000000053c60000 	/usr/lib/system/libsystem_info.dylib
0x0000000053c60000 	/usr/lib/system/libsystem_kernel.dylib
0x0000000053c60000 	/usr/lib/system/libsystem_m.dylib
0x0000000053c60000 	/usr/lib/system/libsystem_malloc.dylib
0x0000000053c60000 	/usr/lib/system/libsystem_network.dylib
0x0000000053c60000 	/usr/lib/system/libsystem_networkextension.dylib
0x0000000053c60000 	/usr/lib/system/libsystem_notify.dylib
0x0000000053c60000 	/usr/lib/system/libsystem_platform.dylib
0x0000000053c60000 	/usr/lib/system/libsystem_pthread.dylib
0x0000000053c60000 	/usr/lib/system/libsystem_sandbox.dylib
0x0000000053c60000 	/usr/lib/system/libsystem_secinit.dylib
0x0000000053c60000 	/usr/lib/system/libsystem_symptoms.dylib
0x0000000053c60000 	/usr/lib/system/libsystem_trace.dylib
0x0000000053c60000 	/usr/lib/system/libunwind.dylib
0x0000000053c60000 	/usr/lib/system/libxpc.dylib
0x0000000053c60000 	/usr/lib/libbsm.0.dylib
0x0000000053c60000 	/usr/lib/system/libkxld.dylib
0x0000000053c60000 	/usr/lib/libcoretls.dylib
0x0000000053c60000 	/usr/lib/libcoretls_cfhelpers.dylib
0x0000000053c60000 	/usr/lib/libxar.1.dylib
0x0000000053c60000 	/usr/lib/libsqlite3.dylib
0x0000000053c60000 	/usr/lib/libpam.2.dylib
0x0000000053c60000 	/usr/lib/libOpenScriptingUtil.dylib
0x0000000053c60000 	/usr/lib/libbz2.1.0.dylib
0x0000000053c60000 	/usr/lib/liblzma.5.dylib
0x0000000053c60000 	/usr/lib/libnetwork.dylib
0x0000000053c60000 	/usr/lib/libpcap.A.dylib
0x0000000053c60000 	/System/Library/Frameworks/CoreServices.framework/Versions/A/Frameworks/FSEvents.framework/Versions/A/FSEvents
0x0000000053c60000 	/System/Library/Frameworks/CoreServices.framework/Versions/A/Frameworks/CarbonCore.framework/Versions/A/CarbonCore
0x0000000053c60000 	/System/Library/Frameworks/CoreServices.framework/Versions/A/Frameworks/Metadata.framework/Versions/A/Metadata
0x0000000053c60000 	/System/Library/Frameworks/CoreServices.framework/Versions/A/Frameworks/OSServices.framework/Versions/A/OSServices
0x0000000053c60000 	/System/Library/Frameworks/CoreServices.framework/Versions/A/Frameworks/SearchKit.framework/Versions/A/SearchKit
0x0000000053c60000 	/System/Library/Frameworks/CoreServices.framework/Versions/A/Frameworks/AE.framework/Versions/A/AE
0x0000000053c60000 	/System/Library/Frameworks/CoreServices.framework/Versions/A/Frameworks/LaunchServices.framework/Versions/A/LaunchServices
0x0000000053c60000 	/System/Library/Frameworks/CoreServices.framework/Versions/A/Frameworks/DictionaryServices.framework/Versions/A/DictionaryServices
0x0000000053c60000 	/System/Library/Frameworks/CoreServices.framework/Versions/A/Frameworks/SharedFileList.framework/Versions/A/SharedFileList
0x0000000053c60000 	/System/Library/Frameworks/NetFS.framework/Versions/A/NetFS
0x0000000053c60000 	/System/Library/PrivateFrameworks/NetAuth.framework/Versions/A/NetAuth
0x0000000053c60000 	/System/Library/PrivateFrameworks/login.framework/Versions/A/Frameworks/loginsupport.framework/Versions/A/loginsupport
0x0000000053c60000 	/System/Library/PrivateFrameworks/TCC.framework/Versions/A/TCC
0x0000000053c60000 	/usr/lib/libmecabra.dylib
0x0000000053c60000 	/System/Library/Frameworks/ApplicationServices.framework/Versions/A/Frameworks/ATS.framework/Versions/A/ATS
0x0000000053c60000 	/System/Library/Frameworks/ApplicationServices.framework/Versions/A/Frameworks/ColorSync.framework/Versions/A/ColorSync
0x0000000053c60000 	/System/Library/Frameworks/ApplicationServices.framework/Versions/A/Frameworks/HIServices.framework/Versions/A/HIServices
0x0000000053c60000 	/System/Library/Frameworks/ApplicationServices.framework/Versions/A/Frameworks/LangAnalysis.framework/Versions/A/LangAnalysis
0x0000000053c60000 	/System/Library/Frameworks/ApplicationServices.framework/Versions/A/Frameworks/PrintCore.framework/Versions/A/PrintCore
0x0000000053c60000 	/System/Library/Frameworks/ApplicationServices.framework/Versions/A/Frameworks/QD.framework/Versions/A/QD
0x0000000053c60000 	/System/Library/Frameworks/ApplicationServices.framework/Versions/A/Frameworks/SpeechSynthesis.framework/Versions/A/SpeechSynthesis
0x0000000053c60000 	/System/Library/Frameworks/Accelerate.framework/Versions/A/Frameworks/vImage.framework/Versions/A/vImage
0x0000000053c60000 	/System/Library/Frameworks/Accelerate.framework/Versions/A/Frameworks/vecLib.framework/Versions/A/vecLib
0x0000000053c60000 	/System/Library/Frameworks/Accelerate.framework/Versions/A/Frameworks/vecLib.framework/Versions/A/libvDSP.dylib
0x0000000053c60000 	/System/Library/Frameworks/Accelerate.framework/Versions/A/Frameworks/vecLib.framework/Versions/A/libBNNS.dylib
0x0000000053c60000 	/System/Library/Frameworks/Accelerate.framework/Versions/A/Frameworks/vecLib.framework/Versions/A/libQuadrature.dylib
0x0000000053c60000 	/System/Library/Frameworks/Accelerate.framework/Versions/A/Frameworks/vecLib.framework/Versions/A/libvMisc.dylib
0x0000000053c60000 	/System/Library/Frameworks/Accelerate.framework/Versions/A/Frameworks/vecLib.framework/Versions/A/libLAPACK.dylib
0x0000000053c60000 	/System/Library/Frameworks/Accelerate.framework/Versions/A/Frameworks/vecLib.framework/Versions/A/libBLAS.dylib
0x0000000053c60000 	/System/Library/Frameworks/Accelerate.framework/Versions/A/Frameworks/vecLib.framework/Versions/A/libLinearAlgebra.dylib
0x0000000053c60000 	/System/Library/Frameworks/Accelerate.framework/Versions/A/Frameworks/vecLib.framework/Versions/A/libSparseBLAS.dylib
0x0000000053c60000 	/System/Library/Frameworks/ApplicationServices.framework/Versions/A/Frameworks/ATS.framework/Versions/A/Resources/libFontParser.dylib
0x0000000053c60000 	/System/Library/Frameworks/ApplicationServices.framework/Versions/A/Frameworks/ATS.framework/Versions/A/Resources/libFontRegistry.dylib
0x0000000053c60000 	/System/Library/Frameworks/ImageIO.framework/Versions/A/Resources/libJPEG.dylib
0x0000000053c60000 	/System/Library/Frameworks/ImageIO.framework/Versions/A/Resources/libTIFF.dylib
0x0000000053c60000 	/System/Library/Frameworks/ImageIO.framework/Versions/A/Resources/libPng.dylib
0x0000000053c60000 	/System/Library/Frameworks/ImageIO.framework/Versions/A/Resources/libGIF.dylib
0x0000000053c60000 	/System/Library/Frameworks/ImageIO.framework/Versions/A/Resources/libJP2.dylib
0x0000000053c60000 	/System/Library/Frameworks/ImageIO.framework/Versions/A/Resources/libRadiance.dylib
0x0000000053c60000 	/usr/lib/libcompression.dylib
0x0000000053c60000 	/System/Library/PrivateFrameworks/AppleJPEG.framework/Versions/A/AppleJPEG
0x0000000053c60000 	/usr/lib/libcups.2.dylib
0x0000000053c60000 	/System/Library/Frameworks/Kerberos.framework/Versions/A/Kerberos
0x0000000053c60000 	/System/Library/Frameworks/GSS.framework/Versions/A/GSS
0x0000000053c60000 	/usr/lib/libresolv.9.dylib
0x0000000053c60000 	/usr/lib/libiconv.2.dylib
0x0000000053c60000 	/System/Library/PrivateFrameworks/Heimdal.framework/Versions/A/Heimdal
0x0000000053c60000 	/usr/lib/libheimdal-asn1.dylib
0x0000000053c60000 	/System/Library/Frameworks/OpenDirectory.framework/Versions/A/OpenDirectory
0x0000000053c60000 	/System/Library/PrivateFrameworks/CommonAuth.framework/Versions/A/CommonAuth
0x0000000053c60000 	/System/Library/Frameworks/OpenDirectory.framework/Versions/A/Frameworks/CFOpenDirectory.framework/Versions/A/CFOpenDirectory
0x0000000053c60000 	/System/Library/Frameworks/SecurityFoundation.framework/Versions/A/SecurityFoundation
0x0000000053c60000 	/System/Library/PrivateFrameworks/LanguageModeling.framework/Versions/A/LanguageModeling
0x0000000053c60000 	/usr/lib/libmarisa.dylib
0x0000000053c60000 	/usr/lib/libChineseTokenizer.dylib
0x0000000053c60000 	/usr/lib/libcmph.dylib
0x0000000053c60000 	/System/Library/PrivateFrameworks/CoreEmoji.framework/Versions/A/CoreEmoji
0x0000000053c60000 	/System/Library/Frameworks/ServiceManagement.framework/Versions/A/ServiceManagement
0x0000000053c60000 	/usr/lib/libxslt.1.dylib
0x0000000053c60000 	/System/Library/Frameworks/Carbon.framework/Versions/A/Frameworks/Ink.framework/Versions/A/Ink
0x0000000053c60000 	/System/Library/PrivateFrameworks/TextureIO.framework/Versions/A/TextureIO
0x0000000053c60000 	/System/Library/Frameworks/Metal.framework/Versions/A/Metal
0x0000000053c60000 	/usr/lib/libate.dylib
0x0000000053c60000 	/System/Library/PrivateFrameworks/GPUCompiler.framework/libmetal_timestamp.dylib
0x0000000053c60000 	/System/Library/Frameworks/OpenGL.framework/Versions/A/Libraries/libCoreFSCache.dylib
0x0000000053c60000 	/System/Library/PrivateFrameworks/IOAccelerator.framework/Versions/A/IOAccelerator
0x0000000053c60000 	/System/Library/Frameworks/CoreVideo.framework/Versions/A/CoreVideo
0x0000000053c60000 	/usr/lib/libFosl_dynamic.dylib
0x0000000053c60000 	/System/Library/PrivateFrameworks/MetalPerformanceShaders.framework/Versions/A/MetalPerformanceShaders
0x0000000053c60000 	/System/Library/PrivateFrameworks/FaceCore.framework/Versions/A/FaceCore
0x0000000053c60000 	/System/Library/Frameworks/OpenCL.framework/Versions/A/OpenCL
0x0000000053c60000 	/System/Library/Frameworks/OpenGL.framework/Versions/A/Libraries/libGLU.dylib
0x0000000053c60000 	/System/Library/Frameworks/OpenGL.framework/Versions/A/Libraries/libGFXShared.dylib
0x0000000053c60000 	/System/Library/Frameworks/OpenGL.framework/Versions/A/Libraries/libGL.dylib
0x0000000053c60000 	/System/Library/Frameworks/OpenGL.framework/Versions/A/Libraries/libGLImage.dylib
0x0000000053c60000 	/System/Library/Frameworks/OpenGL.framework/Versions/A/Libraries/libCVMSPluginSupport.dylib
0x0000000053c60000 	/System/Library/Frameworks/OpenGL.framework/Versions/A/Libraries/libCoreVMClient.dylib
0x0000000053c60000 	/System/Library/PrivateFrameworks/CrashReporterSupport.framework/Versions/A/CrashReporterSupport
0x0000000053c60000 	/System/Library/PrivateFrameworks/Sharing.framework/Versions/A/Sharing
0x0000000053c60000 	/System/Library/PrivateFrameworks/IconServices.framework/Versions/A/IconServices
0x0000000053c60000 	/System/Library/PrivateFrameworks/ProtocolBuffer.framework/Versions/A/ProtocolBuffer
0x0000000053c60000 	/System/Library/PrivateFrameworks/Apple80211.framework/Versions/A/Apple80211
0x0000000053c60000 	/System/Library/Frameworks/CoreWLAN.framework/Versions/A/CoreWLAN
0x0000000053c60000 	/System/Library/PrivateFrameworks/CoreUtils.framework/Versions/A/CoreUtils
0x0000000053c60000 	/System/Library/Frameworks/IOBluetooth.framework/Versions/A/IOBluetooth
0x0000000053c60000 	/System/Library/PrivateFrameworks/CoreWiFi.framework/Versions/A/CoreWiFi
0x0000000053c60000 	/System/Library/Frameworks/CoreBluetooth.framework/Versions/A/CoreBluetooth
0x0000000053c60000 	/System/Library/Frameworks/CoreDisplay.framework/Versions/A/CoreDisplay
0x0000000053c60000 	/System/Library/PrivateFrameworks/IOPresentment.framework/Versions/A/IOPresentment
0x0000000053c60000 	/System/Library/PrivateFrameworks/DebugSymbols.framework/Versions/A/DebugSymbols
0x0000000053c60000 	/System/Library/PrivateFrameworks/CoreSymbolication.framework/Versions/A/CoreSymbolication
0x0000000053c60000 	/System/Library/PrivateFrameworks/Symbolication.framework/Versions/A/Symbolication
0x0000000053c60000 	/System/Library/PrivateFrameworks/AppleFSCompression.framework/Versions/A/AppleFSCompression
0x0000000053c60000 	/System/Library/PrivateFrameworks/SpeechRecognitionCore.framework/Versions/A/SpeechRecognitionCore
0x0000000053c60000 	/System/Library/PrivateFrameworks/ChunkingLibrary.framework/Versions/A/ChunkingLibrary
0x0000000110200000 	/Library/Java/JavaVirtualMachines/jdk1.8.0_111.jdk/Contents/Home/jre/lib/server/libjvm.dylib
0x0000000053c60000 	/usr/lib/libstdc++.6.dylib
0x000000010f0b4000 	/Library/Java/JavaVirtualMachines/jdk1.8.0_111.jdk/Contents/Home/jre/lib/libverify.dylib
0x000000010f0c2000 	/Library/Java/JavaVirtualMachines/jdk1.8.0_111.jdk/Contents/Home/jre/lib/libjava.dylib
0x000000010f101000 	/Library/Java/JavaVirtualMachines/jdk1.8.0_111.jdk/Contents/Home/jre/lib/libzip.dylib
0x0000000115164000 	/System/Library/Frameworks/JavaVM.framework/Frameworks/JavaRuntimeSupport.framework/JavaRuntimeSupport
0x000000011517e000 	/System/Library/Frameworks/JavaVM.framework/Versions/A/Frameworks/JavaNativeFoundation.framework/Versions/A/JavaNativeFoundation
0x0000000115193000 	/System/Library/Frameworks/JavaVM.framework/Versions/A/JavaVM
0x0000000053c60000 	/System/Library/Frameworks/Carbon.framework/Versions/A/Carbon
0x00000001151a0000 	/System/Library/PrivateFrameworks/JavaLaunching.framework/Versions/A/JavaLaunching
0x0000000053c60000 	/System/Library/Frameworks/Carbon.framework/Versions/A/Frameworks/CommonPanels.framework/Versions/A/CommonPanels
0x0000000053c60000 	/System/Library/Frameworks/Carbon.framework/Versions/A/Frameworks/Help.framework/Versions/A/Help
0x0000000053c60000 	/System/Library/Frameworks/Carbon.framework/Versions/A/Frameworks/ImageCapture.framework/Versions/A/ImageCapture
0x0000000053c60000 	/System/Library/Frameworks/Carbon.framework/Versions/A/Frameworks/OpenScripting.framework/Versions/A/OpenScripting
0x0000000053c60000 	/System/Library/Frameworks/Carbon.framework/Versions/A/Frameworks/Print.framework/Versions/A/Print
0x0000000053c60000 	/System/Library/Frameworks/Carbon.framework/Versions/A/Frameworks/SecurityHI.framework/Versions/A/SecurityHI
0x0000000116aaa000 	/Library/Java/JavaVirtualMachines/jdk1.8.0_111.jdk/Contents/Home/jre/lib/libawt.dylib
0x0000000116b52000 	/Library/Java/JavaVirtualMachines/jdk1.8.0_111.jdk/Contents/Home/jre/lib/./libmlib_image.dylib
0x0000000116c1e000 	/Library/Java/JavaVirtualMachines/jdk1.8.0_111.jdk/Contents/Home/jre/lib/libawt_lwawt.dylib
0x0000000116cd3000 	/Library/Java/JavaVirtualMachines/jdk1.8.0_111.jdk/Contents/Home/jre/lib/./libosxapp.dylib
0x0000000053c60000 	/System/Library/Frameworks/ExceptionHandling.framework/Versions/A/ExceptionHandling
0x0000000053c60000 	/System/Library/PrivateFrameworks/CoreServicesInternal.framework/Versions/A/CoreServicesInternal
0x0000000053c60000 	/System/Library/CoreServices/RawCamera.bundle/Contents/MacOS/RawCamera
0x0000000053c60000 	/System/Library/Frameworks/Accelerate.framework/Versions/A/Frameworks/vImage.framework/Versions/A/Libraries/libCGInterfaces.dylib
0x0000000053c60000 	/System/Library/Frameworks/ApplicationServices.framework/Versions/A/Frameworks/ATS.framework/Versions/A/Resources/libTrueTypeScaler.dylib
0x0000000053c60000 	/System/Library/Frameworks/OpenGL.framework/Versions/A/Resources/GLEngine.bundle/GLEngine
0x0000000053c60000 	/System/Library/Frameworks/OpenGL.framework/Versions/A/Libraries/libGLProgrammability.dylib
0x000000012fb1f000 	/System/Library/Extensions/AppleIntelHD5000GraphicsGLDriver.bundle/Contents/MacOS/AppleIntelHD5000GraphicsGLDriver
0x0000000053c60000 	/System/Library/PrivateFrameworks/GPUSupport.framework/Versions/A/Libraries/libGPUSupportMercury.dylib
0x0000000053c60000 	/System/Library/Frameworks/OpenGL.framework/Versions/A/Resources/GLRendererFloat.bundle/GLRendererFloat
0x0000000053c60000 	/System/Library/Frameworks/OpenCL.framework/Versions/A/Libraries/libcldcpuengine.dylib
0x0000000053c60000 	/usr/lib/libcrypto.0.9.8.dylib
0x0000000053c60000 	/System/Library/PrivateFrameworks/TrustEvaluationAgent.framework/Versions/A/TrustEvaluationAgent
0x000000011778b000 	/System/Library/Extensions/AppleIntelHD5000GraphicsMTLDriver.bundle/Contents/MacOS/AppleIntelHD5000GraphicsMTLDriver
0x0000000053c60000 	/System/Library/PrivateFrameworks/FamilyControls.framework/Versions/A/FamilyControls
0x0000000053c60000 	/System/Library/PrivateFrameworks/CommerceKit.framework/Versions/A/Frameworks/CommerceCore.framework/Versions/A/CommerceCore
0x0000000053c60000 	/System/Library/PrivateFrameworks/SystemAdministration.framework/Versions/A/SystemAdministration
0x0000000053c60000 	/System/Library/PrivateFrameworks/AppContainer.framework/Versions/A/AppContainer
0x0000000053c60000 	/System/Library/PrivateFrameworks/SecCodeWrapper.framework/Versions/A/SecCodeWrapper
0x0000000053c60000 	/System/Library/Frameworks/DirectoryService.framework/Versions/A/DirectoryService
0x0000000053c60000 	/System/Library/PrivateFrameworks/DiskImages.framework/Versions/A/DiskImages
0x0000000053c60000 	/System/Library/PrivateFrameworks/LoginUIKit.framework/Versions/A/Frameworks/LoginUICore.framework/Versions/A/LoginUICore
0x0000000053c60000 	/usr/lib/libCoreStorage.dylib
0x0000000053c60000 	/usr/lib/libcsfde.dylib
0x0000000053c60000 	/usr/lib/libodfde.dylib
0x0000000053c60000 	/System/Library/Frameworks/DiscRecording.framework/Versions/A/DiscRecording
0x0000000053c60000 	/usr/lib/libcurl.4.dylib
0x0000000053c60000 	/System/Library/PrivateFrameworks/MediaKit.framework/Versions/A/MediaKit
0x0000000053c60000 	/System/Library/PrivateFrameworks/ProtectedCloudStorage.framework/Versions/A/ProtectedCloudStorage
0x0000000053c60000 	/System/Library/PrivateFrameworks/EFILogin.framework/Versions/A/EFILogin
0x0000000053c60000 	/usr/lib/libutil.dylib
0x0000000053c60000 	/System/Library/Frameworks/LDAP.framework/Versions/A/LDAP
0x0000000053c60000 	/usr/lib/libsasl2.2.dylib
0x0000000053c60000 	/System/Library/PrivateFrameworks/CoreDaemon.framework/Versions/B/CoreDaemon
0x0000000053c60000 	/System/Library/PrivateFrameworks/AppleSRP.framework/Versions/A/AppleSRP
0x0000000053c60000 	/System/Library/PrivateFrameworks/APFS.framework/Versions/A/APFS
0x0000000131d54000 	/Library/Java/JavaVirtualMachines/jdk1.8.0_111.jdk/Contents/Home/jre/lib/libfontmanager.dylib
0x0000000131dbb000 	/Library/Java/JavaVirtualMachines/jdk1.8.0_111.jdk/Contents/Home/jre/lib/libosxui.dylib
0x0000000053c60000 	/System/Library/PrivateFrameworks/ViewBridge.framework/Versions/A/ViewBridge
0x0000000053c60000 	/System/Library/PrivateFrameworks/XPCService.framework/Versions/A/XPCService
0x0000000053c60000 	/System/Library/PrivateFrameworks/AppSandbox.framework/Versions/A/AppSandbox
0x0000000053c60000 	/usr/lib/libsandbox.1.dylib
0x0000000053c60000 	/usr/lib/libMatch.1.dylib
0x00000001374da000 	/Library/Java/JavaVirtualMachines/jdk1.8.0_111.jdk/Contents/Home/jre/lib/libnet.dylib
0x00000001374f1000 	/Library/Java/JavaVirtualMachines/jdk1.8.0_111.jdk/Contents/Home/jre/lib/libnio.dylib
0x00000001b2b1e000 	/Library/Java/JavaVirtualMachines/jdk1.8.0_111.jdk/Contents/Home/jre/lib/libdcpr.dylib
0x00000001b4ea0000 	/Users/elijahspiro/ColosseumCrash/lib/natives/liblwjgl.jnilib
0x00000001b4f1f000 	/Library/Java/JavaVirtualMachines/jdk1.8.0_111.jdk/Contents/Home/jre/lib/libjawt.dylib

VM Arguments:
jvm_args: -Djava.library.path=lib/natives 
java_command: Launcher
java_class_path (initial): .:lib/jars/lwjgl.jar:lib/jars/lwjgl_util.jar:lib/jars/slick-util.jar
Launcher Type: SUN_STANDARD

Environment Variables:
PATH=/Users/elijahspiro/anaconda2/bin:/Users/elijahspiro/anaconda2/bin:/Users/elijahspiro/anaconda2/bin:/Users/elijahspiro/anaconda2/bin:/Users/elijahspiro/anaconda2/bin:/usr/local/bin:/usr/bin:/bin:/usr/sbin:/sbin
SHELL=/bin/bash

Signal Handlers:
SIGSEGV: [libjvm.dylib+0x5b03ed], sa_mask[0]=11111111011111110111111111111111, sa_flags=SA_ONSTACK|SA_RESTART|SA_SIGINFO
SIGBUS: [libjvm.dylib+0x5b03ed], sa_mask[0]=11111111011111110111111111111111, sa_flags=SA_RESTART|SA_SIGINFO
SIGFPE: [libjvm.dylib+0x48711c], sa_mask[0]=11111111011111110111111111111111, sa_flags=SA_RESTART|SA_SIGINFO
SIGPIPE: [libjvm.dylib+0x48711c], sa_mask[0]=11111111011111110111111111111111, sa_flags=SA_RESTART|SA_SIGINFO
SIGXFSZ: [libjvm.dylib+0x48711c], sa_mask[0]=11111111011111110111111111111111, sa_flags=SA_RESTART|SA_SIGINFO
SIGILL: [libjvm.dylib+0x48711c], sa_mask[0]=11111111011111110111111111111111, sa_flags=SA_RESTART|SA_SIGINFO
SIGUSR1: SIG_DFL, sa_mask[0]=11011111011111100000000111000110, sa_flags=none
SIGUSR2: [libjvm.dylib+0x486c3a], sa_mask[0]=00000000000000000000000000000000, sa_flags=SA_RESTART|SA_SIGINFO
SIGHUP: [libjvm.dylib+0x485211], sa_mask[0]=11111111011111110111111111111111, sa_flags=SA_RESTART|SA_SIGINFO
SIGINT: [libjvm.dylib+0x485211], sa_mask[0]=11111111011111110111111111111111, sa_flags=SA_RESTART|SA_SIGINFO
SIGTERM: [libjvm.dylib+0x485211], sa_mask[0]=11111111011111110111111111111111, sa_flags=SA_RESTART|SA_SIGINFO
SIGQUIT: [libjvm.dylib+0x485211], sa_mask[0]=11111111011111110111111111111111, sa_flags=SA_RESTART|SA_SIGINFO


---------------  S Y S T E M  ---------------

OS:Bsduname:Darwin 16.0.0 Darwin Kernel Version 16.0.0: Mon Aug 29 17:56:20 PDT 2016; root:xnu-3789.1.32~3/RELEASE_X86_64 x86_64
rlimit: STACK 8192k, CORE 0k, NPROC 709, NOFILE 10240, AS infinity
load average:1.71 1.64 1.61

CPU:total 8 (4 cores per cpu, 2 threads per core) family 6 model 70 stepping 1, cmov, cx8, fxsr, mmx, sse, sse2, sse3, ssse3, sse4.1, sse4.2, popcnt, avx, avx2, aes, clmul, erms, lzcnt, ht, tsc, tscinvbit, bmi1, bmi2

Memory: 4k page, physical 16777216k(1448700k free)

/proc/meminfo:


vm_info: Java HotSpot(TM) 64-Bit Server VM (25.111-b14) for bsd-amd64 JRE (1.8.0_111-b14), built on Sep 22 2016 15:31:41 by "java_re" with gcc 4.2.1 (Based on Apple Inc. build 5658) (LLVM build 2336.11.00)

time: Thu May 11 22:41:18 2017
elapsed time: 5 seconds (0d 0h 0m 5s)

